#-----------------------------------------------------------
# Vivado v2019.1 (64-bit)
# SW Build 2552052 on Fri May 24 14:49:42 MDT 2019
# IP Build 2548770 on Fri May 24 18:01:18 MDT 2019
# Start of session at: Mon Nov 23 16:26:08 2020
# Process ID: 7456
# Current directory: C:/Users/nsheu/OneDrive/Desktop/DIGME/miniprojekt/memory
# Command line: vivado.exe -gui_launcher_event rodinguilauncherevent13460 C:\Users\nsheu\OneDrive\Desktop\DIGME\miniprojekt\memory\memory.xpr
# Log file: C:/Users/nsheu/OneDrive/Desktop/DIGME/miniprojekt/memory/vivado.log
# Journal file: C:/Users/nsheu/OneDrive/Desktop/DIGME/miniprojekt/memory\vivado.jou
#-----------------------------------------------------------
start_gui
open_project C:/Users/nsheu/OneDrive/Desktop/DIGME/miniprojekt/memory/memory.xpr
Scanning sources...
Finished scanning sources
INFO: [IP_Flow 19-234] Refreshing IP repositories
INFO: [IP_Flow 19-1700] Loaded user IP repository 'c:/Users/nsheu/OneDrive/Desktop/DIGME/miniprojekt/mulo/project/ip/cpuToCtrl_1.0'.
INFO: [IP_Flow 19-2313] Loaded Vivado IP repository 'C:/Xilinx/Vivado/2019.1/data/ip'.
open_project: Time (s): cpu = 00:00:13 ; elapsed = 00:00:06 . Memory (MB): peak = 759.051 ; gain = 99.551
exit
INFO: [Common 17-206] Exiting Vivado at Mon Nov 23 16:26:28 2020...
INFO: [filemgmt 56-326] User Interrupt. Could not getCurrentGraph()
INFO: [filemgmt 56-326] User Interrupt. Could not getCurrentGraph()
INFO: [filemgmt 56-326] User Interrupt. Could not getCurrentGraph()
INFO: [filemgmt 56-326] User Interrupt. Could not getCurrentGraph()
INFO: [filemgmt 56-326] User Interrupt. Could not getCurrentGraph()
INFO: [filemgmt 56-326] User Interrupt. Could not getCurrentGraph()
INFO: [filemgmt 56-326] User Interrupt. Could not getCurrentGraph()
INFO: [filemgmt 56-326] User Interrupt. Could not getCurrentGraph()
INFO: [filemgmt 56-326] User Interrupt. Could not getCurrentGraph()
INFO: [filemgmt 56-326] User Interrupt. Could not getCurrentGraph()
INFO: [filemgmt 56-326] User Interrupt. Could not getCurrentGraph()
INFO: [filemgmt 56-326] User Interrupt. Could not getCurrentGraph()
INFO: [filemgmt 56-326] User Interrupt. Could not getCurrentGraph()
