#-----------------------------------------------------------
# Vivado v2019.1 (64-bit)
# SW Build 2552052 on Fri May 24 14:49:42 MDT 2019
# IP Build 2548770 on Fri May 24 18:01:18 MDT 2019
# Start of session at: Mon Nov 23 16:26:30 2020
# Process ID: 7248
# Current directory: C:/Users/nsheu/OneDrive/Desktop/DIGME/miniprojekt/memory
# Command line: vivado.exe -gui_launcher_event rodinguilauncherevent16908 C:\Users\nsheu\OneDrive\Desktop\DIGME\miniprojekt\memory\memory.xpr
# Log file: C:/Users/nsheu/OneDrive/Desktop/DIGME/miniprojekt/memory/vivado.log
# Journal file: C:/Users/nsheu/OneDrive/Desktop/DIGME/miniprojekt/memory\vivado.jou
#-----------------------------------------------------------
start_gui
open_project C:/Users/nsheu/OneDrive/Desktop/DIGME/miniprojekt/memory/memory.xpr
Scanning sources...
Finished scanning sources
INFO: [IP_Flow 19-234] Refreshing IP repositories
INFO: [IP_Flow 19-1700] Loaded user IP repository 'c:/Users/nsheu/OneDrive/Desktop/DIGME/miniprojekt/mulo/project/ip/cpuToCtrl_1.0'.
INFO: [IP_Flow 19-2313] Loaded Vivado IP repository 'C:/Xilinx/Vivado/2019.1/data/ip'.
open_project: Time (s): cpu = 00:00:14 ; elapsed = 00:00:05 . Memory (MB): peak = 763.652 ; gain = 72.902
update_compile_order -fileset sources_1
open_bd_design {C:/Users/nsheu/OneDrive/Desktop/DIGME/miniprojekt/memory/memory.srcs/sources_1/bd/cam2hdmi_bd/cam2hdmi_bd.bd}
Adding component instance block -- xilinx.com:ip:util_vector_logic:2.0 - util_vector_logic_0
Adding component instance block -- xilinx.com:ip:processing_system7:5.5 - processing_system7_0
Adding component instance block -- xilinx.com:ip:clk_wiz:6.0 - clk_wiz
Adding component instance block -- xilinx.com:ip:proc_sys_reset:5.0 - rst_clk_wiz_100M
Adding component instance block -- xilinx.com:module_ref:adv7511:1.0 - adv7511_0
Adding component instance block -- xilinx.com:ip:axi_interconnect:2.1 - ps7_0_axi_periph
Adding component instance block -- xilinx.com:ip:axi_gpio:2.0 - axi_gpio_0
Successfully read diagram <cam2hdmi_bd> from BD file <C:/Users/nsheu/OneDrive/Desktop/DIGME/miniprojekt/memory/memory.srcs/sources_1/bd/cam2hdmi_bd/cam2hdmi_bd.bd>
open_bd_design: Time (s): cpu = 00:00:09 ; elapsed = 00:00:08 . Memory (MB): peak = 861.754 ; gain = 60.777
exit
INFO: [Common 17-206] Exiting Vivado at Mon Nov 23 16:29:51 2020...
