#-----------------------------------------------------------
# Vivado v2019.1 (64-bit)
# SW Build 2552052 on Fri May 24 14:49:42 MDT 2019
# IP Build 2548770 on Fri May 24 18:01:18 MDT 2019
# Start of session at: Tue Nov 24 13:59:49 2020
# Process ID: 15388
# Current directory: C:/Users/nsheu/OneDrive/Desktop/miniprojekt/memory
# Command line: vivado.exe -gui_launcher_event rodinguilauncherevent6344 C:\Users\nsheu\OneDrive\Desktop\miniprojekt\memory\memory.xpr
# Log file: C:/Users/nsheu/OneDrive/Desktop/miniprojekt/memory/vivado.log
# Journal file: C:/Users/nsheu/OneDrive/Desktop/miniprojekt/memory\vivado.jou
#-----------------------------------------------------------
start_gui
open_project C:/Users/nsheu/OneDrive/Desktop/miniprojekt/memory/memory.xpr
INFO: [Project 1-313] Project file moved from 'C:/Users/nsheu/OneDrive/Desktop/DIGME/miniprojekt/memory' since last save.
WARNING: [Project 1-312] File not found as 'C:/Users/nsheu/OneDrive/Desktop/miniprojekt/mulo/project/modules/adv7511/adv7511Controller.vhd'; using path 'C:/Users/nsheu/OneDrive/Desktop/DIGME/miniprojekt/mulo/project/modules/adv7511/adv7511Controller.vhd' instead.
WARNING: [Project 1-312] File not found as 'C:/Users/nsheu/OneDrive/Desktop/miniprojekt/mulo/project/modules/i2c/i2c.vhd'; using path 'C:/Users/nsheu/OneDrive/Desktop/DIGME/miniprojekt/mulo/project/modules/i2c/i2c.vhd' instead.
WARNING: [Project 1-312] File not found as 'C:/Users/nsheu/OneDrive/Desktop/miniprojekt/mulo/project/modules/rgb2ycbcr/rgb2ycbcr.vhd'; using path 'C:/Users/nsheu/OneDrive/Desktop/DIGME/miniprojekt/mulo/project/modules/rgb2ycbcr/rgb2ycbcr.vhd' instead.
WARNING: [Project 1-312] File not found as 'C:/Users/nsheu/OneDrive/Desktop/miniprojekt/mulo/project/modules/rom/rom.vhd'; using path 'C:/Users/nsheu/OneDrive/Desktop/DIGME/miniprojekt/mulo/project/modules/rom/rom.vhd' instead.
WARNING: [Project 1-312] File not found as 'C:/Users/nsheu/OneDrive/Desktop/miniprojekt/mulo/project/modules/sync/sync.vhd'; using path 'C:/Users/nsheu/OneDrive/Desktop/DIGME/miniprojekt/mulo/project/modules/sync/sync.vhd' instead.
WARNING: [Project 1-312] File not found as 'C:/Users/nsheu/OneDrive/Desktop/miniprojekt/mulo/project/modules/adv7511/writeToADV7511.vhd'; using path 'C:/Users/nsheu/OneDrive/Desktop/DIGME/miniprojekt/mulo/project/modules/adv7511/writeToADV7511.vhd' instead.
WARNING: [Project 1-312] File not found as 'C:/Users/nsheu/OneDrive/Desktop/miniprojekt/mulo/project/modules/adv7511/adv7511.vhd'; using path 'C:/Users/nsheu/OneDrive/Desktop/DIGME/miniprojekt/mulo/project/modules/adv7511/adv7511.vhd' instead.
WARNING: [Project 1-312] File not found as 'C:/Users/nsheu/OneDrive/Desktop/miniprojekt/mulo/project/modules/edgeDetection/edgeDetection.vhd'; using path 'C:/Users/nsheu/OneDrive/Desktop/DIGME/miniprojekt/mulo/project/modules/edgeDetection/edgeDetection.vhd' instead.
WARNING: [Project 1-312] File not found as 'C:/Users/nsheu/OneDrive/Desktop/miniprojekt/mulo/project/modules/ov7670/ov7670Capture.vhd'; using path 'C:/Users/nsheu/OneDrive/Desktop/DIGME/miniprojekt/mulo/project/modules/ov7670/ov7670Capture.vhd' instead.
WARNING: [Project 1-312] File not found as 'C:/Users/nsheu/OneDrive/Desktop/miniprojekt/mulo/project/modules/ov7670/ov7670Controller.vhd'; using path 'C:/Users/nsheu/OneDrive/Desktop/DIGME/miniprojekt/mulo/project/modules/ov7670/ov7670Controller.vhd' instead.
WARNING: [Project 1-312] File not found as 'C:/Users/nsheu/OneDrive/Desktop/miniprojekt/mulo/project/modules/ov7670/ov7670.vhd'; using path 'C:/Users/nsheu/OneDrive/Desktop/DIGME/miniprojekt/mulo/project/modules/ov7670/ov7670.vhd' instead.
WARNING: [Project 1-312] File not found as 'C:/Users/nsheu/OneDrive/Desktop/miniprojekt/mulo/project/modules/sdpRAM/sdpRAM.vhd'; using path 'C:/Users/nsheu/OneDrive/Desktop/DIGME/miniprojekt/mulo/project/modules/sdpRAM/sdpRAM.vhd' instead.
WARNING: [Project 1-312] File not found as 'C:/Users/nsheu/OneDrive/Desktop/miniprojekt/mulo/project/modules/roi/roi.vhd'; using path 'C:/Users/nsheu/OneDrive/Desktop/DIGME/miniprojekt/mulo/project/modules/roi/roi.vhd' instead.
WARNING: [Project 1-312] File not found as 'C:/Users/nsheu/OneDrive/Desktop/miniprojekt/mulo/project/modules/ctrlToLED/ctrlToLED.vhd'; using path 'C:/Users/nsheu/OneDrive/Desktop/DIGME/miniprojekt/mulo/project/modules/ctrlToLED/ctrlToLED.vhd' instead.
WARNING: [Project 1-312] File not found as 'C:/Users/nsheu/OneDrive/Desktop/miniprojekt/mulo/project/modules/packages/image_processing_package.vhd'; using path 'C:/Users/nsheu/OneDrive/Desktop/DIGME/miniprojekt/mulo/project/modules/packages/image_processing_package.vhd' instead.
WARNING: [Project 1-312] File not found as 'C:/Users/nsheu/OneDrive/Desktop/miniprojekt/mulo/project/modules/selrgb/selrgb.vhd'; using path 'C:/Users/nsheu/OneDrive/Desktop/DIGME/miniprojekt/mulo/project/modules/selrgb/selrgb.vhd' instead.
WARNING: [Project 1-312] File not found as 'C:/Users/nsheu/OneDrive/Desktop/miniprojekt/mulo/project/modules/binaryconv/binaryconv.vhd'; using path 'C:/Users/nsheu/OneDrive/Desktop/DIGME/miniprojekt/mulo/project/modules/binaryconv/binaryconv.vhd' instead.
WARNING: [Project 1-312] File not found as 'C:/Users/nsheu/OneDrive/Desktop/miniprojekt/mulo/project/modules/grayscale/grayscale.vhd'; using path 'C:/Users/nsheu/OneDrive/Desktop/DIGME/miniprojekt/mulo/project/modules/grayscale/grayscale.vhd' instead.
WARNING: [Project 1-312] File not found as 'C:/Users/nsheu/OneDrive/Desktop/miniprojekt/mulo/project/modules/oled/oledController.vhd'; using path 'C:/Users/nsheu/OneDrive/Desktop/DIGME/miniprojekt/mulo/project/modules/oled/oledController.vhd' instead.
WARNING: [Project 1-312] File not found as 'C:/Users/nsheu/OneDrive/Desktop/miniprojekt/mulo/project/modules/spi/spi.vhd'; using path 'C:/Users/nsheu/OneDrive/Desktop/DIGME/miniprojekt/mulo/project/modules/spi/spi.vhd' instead.
WARNING: [Project 1-312] File not found as 'C:/Users/nsheu/OneDrive/Desktop/miniprojekt/mulo/project/modules/spi/spiClkDiv.vhd'; using path 'C:/Users/nsheu/OneDrive/Desktop/DIGME/miniprojekt/mulo/project/modules/spi/spiClkDiv.vhd' instead.
WARNING: [Project 1-312] File not found as 'C:/Users/nsheu/OneDrive/Desktop/miniprojekt/mulo/project/modules/spi/spiController.vhd'; using path 'C:/Users/nsheu/OneDrive/Desktop/DIGME/miniprojekt/mulo/project/modules/spi/spiController.vhd' instead.
WARNING: [Project 1-312] File not found as 'C:/Users/nsheu/OneDrive/Desktop/miniprojekt/mulo/project/modules/spi/spiShiftRegPiso.vhd'; using path 'C:/Users/nsheu/OneDrive/Desktop/DIGME/miniprojekt/mulo/project/modules/spi/spiShiftRegPiso.vhd' instead.
WARNING: [Project 1-312] File not found as 'C:/Users/nsheu/OneDrive/Desktop/miniprojekt/mulo/project/modules/spi/spiShiftRegSipo.vhd'; using path 'C:/Users/nsheu/OneDrive/Desktop/DIGME/miniprojekt/mulo/project/modules/spi/spiShiftRegSipo.vhd' instead.
WARNING: [Project 1-312] File not found as 'C:/Users/nsheu/OneDrive/Desktop/miniprojekt/mulo/project/modules/oled/oled.vhd'; using path 'C:/Users/nsheu/OneDrive/Desktop/DIGME/miniprojekt/mulo/project/modules/oled/oled.vhd' instead.
WARNING: [Project 1-312] File not found as 'C:/Users/nsheu/OneDrive/Desktop/miniprojekt/mulo/project/modules/adv7511/adv7511InitFile.mif'; using path 'C:/Users/nsheu/OneDrive/Desktop/DIGME/miniprojekt/mulo/project/modules/adv7511/adv7511InitFile.mif' instead.
WARNING: [Project 1-312] File not found as 'C:/Users/nsheu/OneDrive/Desktop/miniprojekt/mulo/project/modules/ov7670/ov7670InitFile.mif'; using path 'C:/Users/nsheu/OneDrive/Desktop/DIGME/miniprojekt/mulo/project/modules/ov7670/ov7670InitFile.mif' instead.
WARNING: [Project 1-312] File not found as 'C:/Users/nsheu/OneDrive/Desktop/miniprojekt/mulo/project/modules/oled/oledCharFile.mif'; using path 'C:/Users/nsheu/OneDrive/Desktop/DIGME/miniprojekt/mulo/project/modules/oled/oledCharFile.mif' instead.
WARNING: [Project 1-312] File not found as 'C:/Users/nsheu/OneDrive/Desktop/miniprojekt/mulo/project/testbench/adv7511/adv7511Controller_tb.vhd'; using path 'C:/Users/nsheu/OneDrive/Desktop/DIGME/miniprojekt/mulo/project/testbench/adv7511/adv7511Controller_tb.vhd' instead.
WARNING: [Project 1-312] File not found as 'C:/Users/nsheu/OneDrive/Desktop/miniprojekt/mulo/project/testbench/adv7511/adv7511InitFile_tb.mif'; using path 'C:/Users/nsheu/OneDrive/Desktop/DIGME/miniprojekt/mulo/project/testbench/adv7511/adv7511InitFile_tb.mif' instead.
WARNING: [Project 1-312] File not found as 'C:/Users/nsheu/OneDrive/Desktop/miniprojekt/mulo/project/testbench/adv7511/adv7511Controller_tb.csv'; using path 'C:/Users/nsheu/OneDrive/Desktop/DIGME/miniprojekt/mulo/project/testbench/adv7511/adv7511Controller_tb.csv' instead.
WARNING: [Project 1-312] File not found as 'C:/Users/nsheu/OneDrive/Desktop/miniprojekt/mulo/project/testbench/adv7511/writeToadv7511_tb.vhd'; using path 'C:/Users/nsheu/OneDrive/Desktop/DIGME/miniprojekt/mulo/project/testbench/adv7511/writeToadv7511_tb.vhd' instead.
WARNING: [Project 1-312] File not found as 'C:/Users/nsheu/OneDrive/Desktop/miniprojekt/mulo/project/testbench/adv7511/writeToadv7511_tb.csv'; using path 'C:/Users/nsheu/OneDrive/Desktop/DIGME/miniprojekt/mulo/project/testbench/adv7511/writeToadv7511_tb.csv' instead.
WARNING: [Project 1-312] File not found as 'C:/Users/nsheu/OneDrive/Desktop/miniprojekt/mulo/project/testbench/ctrlToLED/ctrlToLED_tb.vhd'; using path 'C:/Users/nsheu/OneDrive/Desktop/DIGME/miniprojekt/mulo/project/testbench/ctrlToLED/ctrlToLED_tb.vhd' instead.
WARNING: [Project 1-312] File not found as 'C:/Users/nsheu/OneDrive/Desktop/miniprojekt/mulo/project/testbench/ctrlToLED/ctrlToLED_tb.csv'; using path 'C:/Users/nsheu/OneDrive/Desktop/DIGME/miniprojekt/mulo/project/testbench/ctrlToLED/ctrlToLED_tb.csv' instead.
WARNING: [Project 1-312] File not found as 'C:/Users/nsheu/OneDrive/Desktop/miniprojekt/mulo/project/testbench/edgeDetection/edgeDetection_tb.vhd'; using path 'C:/Users/nsheu/OneDrive/Desktop/DIGME/miniprojekt/mulo/project/testbench/edgeDetection/edgeDetection_tb.vhd' instead.
WARNING: [Project 1-312] File not found as 'C:/Users/nsheu/OneDrive/Desktop/miniprojekt/mulo/project/testbench/edgeDetection/edgeDetection_tb.csv'; using path 'C:/Users/nsheu/OneDrive/Desktop/DIGME/miniprojekt/mulo/project/testbench/edgeDetection/edgeDetection_tb.csv' instead.
WARNING: [Project 1-312] File not found as 'C:/Users/nsheu/OneDrive/Desktop/miniprojekt/mulo/project/testbench/i2c/i2c_tb.vhd'; using path 'C:/Users/nsheu/OneDrive/Desktop/DIGME/miniprojekt/mulo/project/testbench/i2c/i2c_tb.vhd' instead.
WARNING: [Project 1-312] File not found as 'C:/Users/nsheu/OneDrive/Desktop/miniprojekt/mulo/project/testbench/i2c/i2c_tb.csv'; using path 'C:/Users/nsheu/OneDrive/Desktop/DIGME/miniprojekt/mulo/project/testbench/i2c/i2c_tb.csv' instead.
WARNING: [Project 1-312] File not found as 'C:/Users/nsheu/OneDrive/Desktop/miniprojekt/mulo/project/testbench/txt_util.vhd'; using path 'C:/Users/nsheu/OneDrive/Desktop/DIGME/miniprojekt/mulo/project/testbench/txt_util.vhd' instead.
WARNING: [Project 1-312] File not found as 'C:/Users/nsheu/OneDrive/Desktop/miniprojekt/mulo/project/testbench/ov7670/ov7670Model.vhd'; using path 'C:/Users/nsheu/OneDrive/Desktop/DIGME/miniprojekt/mulo/project/testbench/ov7670/ov7670Model.vhd' instead.
WARNING: [Project 1-312] File not found as 'C:/Users/nsheu/OneDrive/Desktop/miniprojekt/mulo/project/testbench/ov7670/ov7670Capture_tb.vhd'; using path 'C:/Users/nsheu/OneDrive/Desktop/DIGME/miniprojekt/mulo/project/testbench/ov7670/ov7670Capture_tb.vhd' instead.
WARNING: [Project 1-312] File not found as 'C:/Users/nsheu/OneDrive/Desktop/miniprojekt/mulo/project/testbench/image_full_in.csv'; using path 'C:/Users/nsheu/OneDrive/Desktop/DIGME/miniprojekt/mulo/project/testbench/image_full_in.csv' instead.
WARNING: [Project 1-312] File not found as 'C:/Users/nsheu/OneDrive/Desktop/miniprojekt/mulo/project/testbench/ov7670/ov7670Controller_tb.vhd'; using path 'C:/Users/nsheu/OneDrive/Desktop/DIGME/miniprojekt/mulo/project/testbench/ov7670/ov7670Controller_tb.vhd' instead.
WARNING: [Project 1-312] File not found as 'C:/Users/nsheu/OneDrive/Desktop/miniprojekt/mulo/project/testbench/ov7670/ov7670Controller_tb.csv'; using path 'C:/Users/nsheu/OneDrive/Desktop/DIGME/miniprojekt/mulo/project/testbench/ov7670/ov7670Controller_tb.csv' instead.
WARNING: [Project 1-312] File not found as 'C:/Users/nsheu/OneDrive/Desktop/miniprojekt/mulo/project/testbench/ov7670/ov7670InitFile_tb.mif'; using path 'C:/Users/nsheu/OneDrive/Desktop/DIGME/miniprojekt/mulo/project/testbench/ov7670/ov7670InitFile_tb.mif' instead.
WARNING: [Project 1-312] File not found as 'C:/Users/nsheu/OneDrive/Desktop/miniprojekt/mulo/project/testbench/rgb2ycbcr/rgb2ycbcr_tb.vhd'; using path 'C:/Users/nsheu/OneDrive/Desktop/DIGME/miniprojekt/mulo/project/testbench/rgb2ycbcr/rgb2ycbcr_tb.vhd' instead.
WARNING: [Project 1-312] File not found as 'C:/Users/nsheu/OneDrive/Desktop/miniprojekt/mulo/project/testbench/rgb2ycbcr/rgb2ycbcr_tb.csv'; using path 'C:/Users/nsheu/OneDrive/Desktop/DIGME/miniprojekt/mulo/project/testbench/rgb2ycbcr/rgb2ycbcr_tb.csv' instead.
WARNING: [Project 1-312] File not found as 'C:/Users/nsheu/OneDrive/Desktop/miniprojekt/mulo/project/testbench/rom/rom_tb.vhd'; using path 'C:/Users/nsheu/OneDrive/Desktop/DIGME/miniprojekt/mulo/project/testbench/rom/rom_tb.vhd' instead.
WARNING: [Project 1-312] File not found as 'C:/Users/nsheu/OneDrive/Desktop/miniprojekt/mulo/project/testbench/rom/rom_tb.mif'; using path 'C:/Users/nsheu/OneDrive/Desktop/DIGME/miniprojekt/mulo/project/testbench/rom/rom_tb.mif' instead.
WARNING: [Project 1-312] File not found as 'C:/Users/nsheu/OneDrive/Desktop/miniprojekt/mulo/project/testbench/rom/rom_tb.csv'; using path 'C:/Users/nsheu/OneDrive/Desktop/DIGME/miniprojekt/mulo/project/testbench/rom/rom_tb.csv' instead.
WARNING: [Project 1-312] File not found as 'C:/Users/nsheu/OneDrive/Desktop/miniprojekt/mulo/project/constraints/cam2hdmi_pins.xdc'; using path 'C:/Users/nsheu/OneDrive/Desktop/DIGME/miniprojekt/mulo/project/constraints/cam2hdmi_pins.xdc' instead.
WARNING: [Project 1-312] File not found as 'C:/Users/nsheu/OneDrive/Desktop/miniprojekt/mulo/project/constraints/cam2hdmi_timing.xdc'; using path 'C:/Users/nsheu/OneDrive/Desktop/DIGME/miniprojekt/mulo/project/constraints/cam2hdmi_timing.xdc' instead.
WARNING: [Project 1-312] File not found as 'C:/Users/nsheu/OneDrive/Desktop/miniprojekt/mulo/project/testbench/roi/roi_tb.vhd'; using path 'C:/Users/nsheu/OneDrive/Desktop/DIGME/miniprojekt/mulo/project/testbench/roi/roi_tb.vhd' instead.
WARNING: [Project 1-312] File not found as 'C:/Users/nsheu/OneDrive/Desktop/miniprojekt/mulo/project/testbench/roi/roi_tb.csv'; using path 'C:/Users/nsheu/OneDrive/Desktop/DIGME/miniprojekt/mulo/project/testbench/roi/roi_tb.csv' instead.
WARNING: [Project 1-312] File not found as 'C:/Users/nsheu/OneDrive/Desktop/miniprojekt/mulo/project/testbench/txt_util.vhd'; using path 'C:/Users/nsheu/OneDrive/Desktop/DIGME/miniprojekt/mulo/project/testbench/txt_util.vhd' instead.
WARNING: [Project 1-312] File not found as 'C:/Users/nsheu/OneDrive/Desktop/miniprojekt/mulo/project/testbench/selrgb/selrgb_tb.vhd'; using path 'C:/Users/nsheu/OneDrive/Desktop/DIGME/miniprojekt/mulo/project/testbench/selrgb/selrgb_tb.vhd' instead.
WARNING: [Project 1-312] File not found as 'C:/Users/nsheu/OneDrive/Desktop/miniprojekt/mulo/project/testbench/image_full_in.csv'; using path 'C:/Users/nsheu/OneDrive/Desktop/DIGME/miniprojekt/mulo/project/testbench/image_full_in.csv' instead.
WARNING: [Project 1-312] File not found as 'C:/Users/nsheu/OneDrive/Desktop/miniprojekt/mulo/project/testbench/txt_util.vhd'; using path 'C:/Users/nsheu/OneDrive/Desktop/DIGME/miniprojekt/mulo/project/testbench/txt_util.vhd' instead.
WARNING: [Project 1-312] File not found as 'C:/Users/nsheu/OneDrive/Desktop/miniprojekt/mulo/project/testbench/binaryconv/binaryconv_tb.vhd'; using path 'C:/Users/nsheu/OneDrive/Desktop/DIGME/miniprojekt/mulo/project/testbench/binaryconv/binaryconv_tb.vhd' instead.
WARNING: [Project 1-312] File not found as 'C:/Users/nsheu/OneDrive/Desktop/miniprojekt/mulo/project/testbench/image_full_in.csv'; using path 'C:/Users/nsheu/OneDrive/Desktop/DIGME/miniprojekt/mulo/project/testbench/image_full_in.csv' instead.
WARNING: [Project 1-312] File not found as 'C:/Users/nsheu/OneDrive/Desktop/miniprojekt/mulo/project/testbench/txt_util.vhd'; using path 'C:/Users/nsheu/OneDrive/Desktop/DIGME/miniprojekt/mulo/project/testbench/txt_util.vhd' instead.
WARNING: [Project 1-312] File not found as 'C:/Users/nsheu/OneDrive/Desktop/miniprojekt/mulo/project/testbench/grayscale/grayscale_tb.vhd'; using path 'C:/Users/nsheu/OneDrive/Desktop/DIGME/miniprojekt/mulo/project/testbench/grayscale/grayscale_tb.vhd' instead.
WARNING: [Project 1-312] File not found as 'C:/Users/nsheu/OneDrive/Desktop/miniprojekt/mulo/project/testbench/image_full_in.csv'; using path 'C:/Users/nsheu/OneDrive/Desktop/DIGME/miniprojekt/mulo/project/testbench/image_full_in.csv' instead.
WARNING: [Project 1-312] File not found as 'C:/Users/nsheu/OneDrive/Desktop/miniprojekt/mulo/project/testbench/sdpRAM/sdpRAM_tb.vhd'; using path 'C:/Users/nsheu/OneDrive/Desktop/DIGME/miniprojekt/mulo/project/testbench/sdpRAM/sdpRAM_tb.vhd' instead.
WARNING: [Project 1-312] File not found as 'C:/Users/nsheu/OneDrive/Desktop/miniprojekt/mulo/project/testbench/sdpRAM/sdpRAM_tb.csv'; using path 'C:/Users/nsheu/OneDrive/Desktop/DIGME/miniprojekt/mulo/project/testbench/sdpRAM/sdpRAM_tb.csv' instead.
WARNING: [Project 1-312] File not found as 'C:/Users/nsheu/OneDrive/Desktop/miniprojekt/mulo/project/testbench/spi/spi_tb.vhd'; using path 'C:/Users/nsheu/OneDrive/Desktop/DIGME/miniprojekt/mulo/project/testbench/spi/spi_tb.vhd' instead.
WARNING: [Project 1-312] File not found as 'C:/Users/nsheu/OneDrive/Desktop/miniprojekt/mulo/project/testbench/spi/spi_tb.csv'; using path 'C:/Users/nsheu/OneDrive/Desktop/DIGME/miniprojekt/mulo/project/testbench/spi/spi_tb.csv' instead.
WARNING: [Project 1-312] File not found as 'C:/Users/nsheu/OneDrive/Desktop/miniprojekt/mulo/project/testbench/oled/oledController_tb.vhd'; using path 'C:/Users/nsheu/OneDrive/Desktop/DIGME/miniprojekt/mulo/project/testbench/oled/oledController_tb.vhd' instead.
WARNING: [Project 1-312] File not found as 'C:/Users/nsheu/OneDrive/Desktop/miniprojekt/mulo/project/testbench/oled/oledController_tb.csv'; using path 'C:/Users/nsheu/OneDrive/Desktop/DIGME/miniprojekt/mulo/project/testbench/oled/oledController_tb.csv' instead.
WARNING: [Project 1-312] File not found as 'C:/Users/nsheu/OneDrive/Desktop/miniprojekt/mulo/project/testbench/spi/spiClkDiv_tb.vhd'; using path 'C:/Users/nsheu/OneDrive/Desktop/DIGME/miniprojekt/mulo/project/testbench/spi/spiClkDiv_tb.vhd' instead.
WARNING: [Project 1-312] File not found as 'C:/Users/nsheu/OneDrive/Desktop/miniprojekt/mulo/project/testbench/spi/spiClkDiv_tb.csv'; using path 'C:/Users/nsheu/OneDrive/Desktop/DIGME/miniprojekt/mulo/project/testbench/spi/spiClkDiv_tb.csv' instead.
WARNING: [Project 1-312] File not found as 'C:/Users/nsheu/OneDrive/Desktop/miniprojekt/mulo/project/testbench/spi/spiController_tb.vhd'; using path 'C:/Users/nsheu/OneDrive/Desktop/DIGME/miniprojekt/mulo/project/testbench/spi/spiController_tb.vhd' instead.
WARNING: [Project 1-312] File not found as 'C:/Users/nsheu/OneDrive/Desktop/miniprojekt/mulo/project/testbench/spi/spiController_tb.csv'; using path 'C:/Users/nsheu/OneDrive/Desktop/DIGME/miniprojekt/mulo/project/testbench/spi/spiController_tb.csv' instead.
WARNING: [Project 1-312] File not found as 'C:/Users/nsheu/OneDrive/Desktop/miniprojekt/mulo/project/testbench/spi/spiShiftRegPiso_tb.vhd'; using path 'C:/Users/nsheu/OneDrive/Desktop/DIGME/miniprojekt/mulo/project/testbench/spi/spiShiftRegPiso_tb.vhd' instead.
WARNING: [Project 1-312] File not found as 'C:/Users/nsheu/OneDrive/Desktop/miniprojekt/mulo/project/testbench/spi/spiShiftRegPiso_tb.csv'; using path 'C:/Users/nsheu/OneDrive/Desktop/DIGME/miniprojekt/mulo/project/testbench/spi/spiShiftRegPiso_tb.csv' instead.
WARNING: [Project 1-312] File not found as 'C:/Users/nsheu/OneDrive/Desktop/miniprojekt/mulo/project/testbench/spi/spiShiftRegSipo_tb.vhd'; using path 'C:/Users/nsheu/OneDrive/Desktop/DIGME/miniprojekt/mulo/project/testbench/spi/spiShiftRegSipo_tb.vhd' instead.
WARNING: [Project 1-312] File not found as 'C:/Users/nsheu/OneDrive/Desktop/miniprojekt/mulo/project/testbench/spi/spiShiftRegSipo_tb.csv'; using path 'C:/Users/nsheu/OneDrive/Desktop/DIGME/miniprojekt/mulo/project/testbench/spi/spiShiftRegSipo_tb.csv' instead.
Scanning sources...
Finished scanning sources
INFO: [filemgmt 56-1] IP Repository Path: Directory not found as 'C:/Users/nsheu/OneDrive/Desktop/miniprojekt/mulo/project/ip/cpuToCtrl_1.0'; using path 'C:/Users/nsheu/OneDrive/Desktop/DIGME/miniprojekt/mulo/project/ip/cpuToCtrl_1.0' instead.
INFO: [IP_Flow 19-234] Refreshing IP repositories
INFO: [IP_Flow 19-1700] Loaded user IP repository 'c:/Users/nsheu/OneDrive/Desktop/DIGME/miniprojekt/mulo/project/ip/cpuToCtrl_1.0'.
INFO: [IP_Flow 19-2313] Loaded Vivado IP repository 'C:/Xilinx/Vivado/2019.1/data/ip'.
open_project: Time (s): cpu = 00:00:14 ; elapsed = 00:00:07 . Memory (MB): peak = 766.391 ; gain = 122.125
open_bd_design {C:/Users/nsheu/OneDrive/Desktop/miniprojekt/memory/memory.srcs/sources_1/bd/cam2hdmi_bd/cam2hdmi_bd.bd}
Adding component instance block -- xilinx.com:ip:util_vector_logic:2.0 - util_vector_logic_0
Adding component instance block -- xilinx.com:ip:processing_system7:5.5 - processing_system7_0
Adding component instance block -- xilinx.com:ip:clk_wiz:6.0 - clk_wiz
Adding component instance block -- xilinx.com:ip:proc_sys_reset:5.0 - rst_clk_wiz_100M
Adding component instance block -- xilinx.com:module_ref:adv7511:1.0 - adv7511_0
Adding component instance block -- xilinx.com:ip:axi_interconnect:2.1 - ps7_0_axi_periph
Adding component instance block -- xilinx.com:ip:axi_gpio:2.0 - axi_gpio_0
Successfully read diagram <cam2hdmi_bd> from BD file <C:/Users/nsheu/OneDrive/Desktop/miniprojekt/memory/memory.srcs/sources_1/bd/cam2hdmi_bd/cam2hdmi_bd.bd>
open_bd_design: Time (s): cpu = 00:00:11 ; elapsed = 00:00:09 . Memory (MB): peak = 926.164 ; gain = 122.191
update_compile_order -fileset sources_1
create_bd_cell -type module -reference sdpRAM sdpRAM_0
INFO: [IP_Flow 19-5107] Inferred bus interface 'a_clk' of definition 'xilinx.com:signal:clock:1.0' (from Xilinx Repository).
INFO: [IP_Flow 19-5107] Inferred bus interface 'b_clk' of definition 'xilinx.com:signal:clock:1.0' (from Xilinx Repository).
WARNING: [IP_Flow 19-3153] Bus Interface 'a_clk': ASSOCIATED_BUSIF bus parameter is missing.
WARNING: [IP_Flow 19-3153] Bus Interface 'b_clk': ASSOCIATED_BUSIF bus parameter is missing.
INFO: [IP_Flow 19-234] Refreshing IP repositories
INFO: [IP_Flow 19-1700] Loaded user IP repository 'c:/Users/nsheu/OneDrive/Desktop/DIGME/miniprojekt/mulo/project/ip/cpuToCtrl_1.0'.
create_bd_cell -type module -reference roi roi_0
INFO: [IP_Flow 19-5107] Inferred bus interface 'resetn' of definition 'xilinx.com:signal:reset:1.0' (from Xilinx Repository).
INFO: [IP_Flow 19-5107] Inferred bus interface 'clk' of definition 'xilinx.com:signal:clock:1.0' (from Xilinx Repository).
INFO: [IP_Flow 19-4728] Bus Interface 'resetn': Added interface parameter 'POLARITY' with value 'ACTIVE_LOW'.
INFO: [IP_Flow 19-4728] Bus Interface 'clk': Added interface parameter 'ASSOCIATED_RESET' with value 'resetn'.
WARNING: [IP_Flow 19-3153] Bus Interface 'clk': ASSOCIATED_BUSIF bus parameter is missing.
INFO: [IP_Flow 19-234] Refreshing IP repositories
INFO: [IP_Flow 19-1700] Loaded user IP repository 'c:/Users/nsheu/OneDrive/Desktop/DIGME/miniprojekt/mulo/project/ip/cpuToCtrl_1.0'.
set_property location {3 770 1180} [get_bd_cells sdpRAM_0]
set_property location {2 811 887} [get_bd_cells axi_gpio_0]
set_property location {2 822 1056} [get_bd_cells sdpRAM_0]
set_property location {1 381 1215} [get_bd_cells roi_0]
add_files -norecurse C:/Users/nsheu/OneDrive/Desktop/miniprojekt/memory/Source/axiImage/axiImage.vhd
update_compile_order -fileset sources_1
create_bd_cell -type module -reference axiImage axiImage_0
INFO: [IP_Flow 19-5107] Inferred bus interface 'S_AXI' of definition 'xilinx.com:interface:aximm:1.0' (from Xilinx Repository).
INFO: [IP_Flow 19-5107] Inferred bus interface 'S_AXI_ARESETN' of definition 'xilinx.com:signal:reset:1.0' (from Xilinx Repository).
INFO: [IP_Flow 19-5107] Inferred bus interface 'S_AXI_ACLK' of definition 'xilinx.com:signal:clock:1.0' (from Xilinx Repository).
INFO: [IP_Flow 19-4728] Bus Interface 'S_AXI_ARESETN': Added interface parameter 'POLARITY' with value 'ACTIVE_LOW'.
INFO: [IP_Flow 19-4728] Bus Interface 'S_AXI_ACLK': Added interface parameter 'ASSOCIATED_BUSIF' with value 'S_AXI'.
INFO: [IP_Flow 19-4728] Bus Interface 'S_AXI_ACLK': Added interface parameter 'ASSOCIATED_RESET' with value 'S_AXI_ARESETN'.
INFO: [IP_Flow 19-234] Refreshing IP repositories
INFO: [IP_Flow 19-1700] Loaded user IP repository 'c:/Users/nsheu/OneDrive/Desktop/DIGME/miniprojekt/mulo/project/ip/cpuToCtrl_1.0'.
set_property location {1 213 1186} [get_bd_cells axiImage_0]
startgroup
apply_bd_automation -rule xilinx.com:bd_rule:clkrst -config {Clk "/clk_wiz/clk_out1 (100 MHz)" }  [get_bd_pins sdpRAM_0/a_clk]
apply_bd_automation -rule xilinx.com:bd_rule:clkrst -config {Clk "/clk_wiz/clk_out1 (100 MHz)" }  [get_bd_pins sdpRAM_0/b_clk]
apply_bd_automation -rule xilinx.com:bd_rule:clkrst -config {Clk "/clk_wiz/clk_out1 (100 MHz)" }  [get_bd_pins roi_0/clk]
apply_bd_automation -rule xilinx.com:bd_rule:axi4 -config { Clk_master {/clk_wiz/clk_out1 (100 MHz)} Clk_slave {Auto} Clk_xbar {/clk_wiz/clk_out1 (100 MHz)} Master {/processing_system7_0/M_AXI_GP0} Slave {/axiImage_0/S_AXI} intc_ip {/ps7_0_axi_periph} master_apm {0}}  [get_bd_intf_pins axiImage_0/S_AXI]
Slave segment </axiImage_0/S_AXI/reg0> is being mapped into address space </processing_system7_0/Data> at <0x43C0_0000 [ 64K ]>
endgroup
connect_bd_net [get_bd_pins roi_0/ram_addr_out] [get_bd_pins sdpRAM_0/a_addr_in]
connect_bd_net [get_bd_pins roi_0/ram_data_out] [get_bd_pins sdpRAM_0/a_data_in]
connect_bd_net [get_bd_pins roi_0/ram_wr_en_out] [get_bd_pins sdpRAM_0/a_wr_en_in]
connect_bd_net [get_bd_pins sdpRAM_0/b_data_out] [get_bd_pins adv7511_0/ram_data_in]
set_property location {1 56 1245} [get_bd_cells axiImage_0]
startgroup
connect_bd_net [get_bd_pins axiImage_0/row_out] [get_bd_pins roi_0/row_in]
endgroup
connect_bd_net [get_bd_pins axiImage_0/col_out] [get_bd_pins roi_0/col_in]
connect_bd_net [get_bd_pins axiImage_0/d_out] [get_bd_pins roi_0/d_in]
connect_bd_net [get_bd_pins axiImage_0/strobe_out] [get_bd_pins roi_0/strobe_in]
save_bd_design
Wrote  : <C:\Users\nsheu\OneDrive\Desktop\miniprojekt\memory\memory.srcs\sources_1\bd\cam2hdmi_bd\cam2hdmi_bd.bd> 
Wrote  : <C:/Users/nsheu/OneDrive/Desktop/miniprojekt/memory/memory.srcs/sources_1/bd/cam2hdmi_bd/ui/bd_55b19566.ui> 
update_compile_order -fileset sources_1
