Copyright 1986-2019 Xilinx, Inc. All Rights Reserved.
-------------------------------------------------------------------------------------------------------------------------------------------------------------------------------
| Tool Version     : Vivado v.2019.1 (win64) Build 2552052 Fri May 24 14:49:42 MDT 2019
| Date             : Tue Nov 24 14:13:11 2020
| Host             : DESKTOP-38O5VOH running 64-bit major release  (build 9200)
| Command          : report_power -file cam2hdmi_bd_wrapper_power_routed.rpt -pb cam2hdmi_bd_wrapper_power_summary_routed.pb -rpx cam2hdmi_bd_wrapper_power_routed.rpx
| Design           : cam2hdmi_bd_wrapper
| Device           : xc7z020clg484-1
| Design State     : routed
| Grade            : commercial
| Process          : typical
| Characterization : Production
-------------------------------------------------------------------------------------------------------------------------------------------------------------------------------

Power Report

Table of Contents
-----------------
1. Summary
1.1 On-Chip Components
1.2 Power Supply Summary
1.3 Confidence Level
2. Settings
2.1 Environment
2.2 Clock Constraints
3. Detailed Reports
3.1 By Hierarchy

1. Summary
----------

+--------------------------+--------------+
| Total On-Chip Power (W)  | 1.801        |
| Design Power Budget (W)  | Unspecified* |
| Power Budget Margin (W)  | NA           |
| Dynamic (W)              | 1.656        |
| Device Static (W)        | 0.144        |
| Effective TJA (C/W)      | 11.5         |
| Max Ambient (C)          | 64.2         |
| Junction Temperature (C) | 45.8         |
| Confidence Level         | Low          |
| Setting File             | ---          |
| Simulation Activity File | ---          |
| Design Nets Matched      | NA           |
+--------------------------+--------------+
* Specify Design Power Budget using, set_operating_conditions -design_power_budget <value in Watts>


1.1 On-Chip Components
----------------------

+-------------------------+-----------+----------+-----------+-----------------+
| On-Chip                 | Power (W) | Used     | Available | Utilization (%) |
+-------------------------+-----------+----------+-----------+-----------------+
| Clocks                  |     0.007 |        9 |       --- |             --- |
| Slice Logic             |     0.002 |     2318 |       --- |             --- |
|   LUT as Logic          |     0.002 |      721 |     53200 |            1.36 |
|   CARRY4                |    <0.001 |       64 |     13300 |            0.48 |
|   Register              |    <0.001 |      986 |    106400 |            0.93 |
|   LUT as Shift Register |    <0.001 |       69 |     17400 |            0.40 |
|   F7/F8 Muxes           |    <0.001 |        2 |     53200 |           <0.01 |
|   Others                |     0.000 |      248 |       --- |             --- |
| Signals                 |     0.002 |     1717 |       --- |             --- |
| Block RAM               |    <0.001 |      0.5 |       140 |            0.36 |
| MMCM                    |     0.106 |        1 |         4 |           25.00 |
| I/O                     |     0.016 |       31 |       200 |           15.50 |
| PS7                     |     1.523 |        1 |       --- |             --- |
| Static Power            |     0.144 |          |           |                 |
| Total                   |     1.801 |          |           |                 |
+-------------------------+-----------+----------+-----------+-----------------+


1.2 Power Supply Summary
------------------------

+-----------+-------------+-----------+-------------+------------+
| Source    | Voltage (V) | Total (A) | Dynamic (A) | Static (A) |
+-----------+-------------+-----------+-------------+------------+
| Vccint    |       1.000 |     0.028 |       0.012 |      0.016 |
| Vccaux    |       1.800 |     0.075 |       0.059 |      0.016 |
| Vcco33    |       3.300 |     0.005 |       0.004 |      0.001 |
| Vcco25    |       2.500 |     0.000 |       0.000 |      0.000 |
| Vcco18    |       1.800 |     0.000 |       0.000 |      0.000 |
| Vcco15    |       1.500 |     0.000 |       0.000 |      0.000 |
| Vcco135   |       1.350 |     0.000 |       0.000 |      0.000 |
| Vcco12    |       1.200 |     0.000 |       0.000 |      0.000 |
| Vccaux_io |       1.800 |     0.000 |       0.000 |      0.000 |
| Vccbram   |       1.000 |     0.001 |       0.000 |      0.001 |
| MGTAVcc   |       1.000 |     0.000 |       0.000 |      0.000 |
| MGTAVtt   |       1.200 |     0.000 |       0.000 |      0.000 |
| MGTVccaux |       1.800 |     0.000 |       0.000 |      0.000 |
| Vccpint   |       1.000 |     0.749 |       0.718 |      0.031 |
| Vccpaux   |       1.800 |     0.061 |       0.051 |      0.010 |
| Vccpll    |       1.800 |     0.017 |       0.014 |      0.003 |
| Vcco_ddr  |       1.500 |     0.459 |       0.457 |      0.002 |
| Vcco_mio0 |       1.800 |     0.000 |       0.000 |      0.000 |
| Vcco_mio1 |       1.800 |     0.003 |       0.002 |      0.001 |
| Vccadc    |       1.800 |     0.020 |       0.000 |      0.020 |
+-----------+-------------+-----------+-------------+------------+


1.3 Confidence Level
--------------------

+-----------------------------+------------+--------------------------------------------------------+------------------------------------------------------------------------------------------------------------+
| User Input Data             | Confidence | Details                                                | Action                                                                                                     |
+-----------------------------+------------+--------------------------------------------------------+------------------------------------------------------------------------------------------------------------+
| Design implementation state | High       | Design is routed                                       |                                                                                                            |
| Clock nodes activity        | High       | User specified more than 95% of clocks                 |                                                                                                            |
| I/O nodes activity          | Low        | More than 75% of inputs are missing user specification | Provide missing input activity with simulation results or by editing the "By Resource Type -> I/Os" view   |
| Internal nodes activity     | Medium     | User specified less than 25% of internal nodes         | Provide missing internal nodes activity with simulation results or by editing the "By Resource Type" views |
| Device models               | High       | Device models are Production                           |                                                                                                            |
|                             |            |                                                        |                                                                                                            |
| Overall confidence level    | Low        |                                                        |                                                                                                            |
+-----------------------------+------------+--------------------------------------------------------+------------------------------------------------------------------------------------------------------------+


2. Settings
-----------

2.1 Environment
---------------

+-----------------------+------------------------+
| Ambient Temp (C)      | 25.0                   |
| ThetaJA (C/W)         | 11.5                   |
| Airflow (LFM)         | 250                    |
| Heat Sink             | none                   |
| ThetaSA (C/W)         | 0.0                    |
| Board Selection       | medium (10"x10")       |
| # of Board Layers     | 8to11 (8 to 11 Layers) |
| Board Temperature (C) | 25.0                   |
+-----------------------+------------------------+


2.2 Clock Constraints
---------------------

+--------------------------------+-----------------------------------------------------------+-----------------+
| Clock                          | Domain                                                    | Constraint (ns) |
+--------------------------------+-----------------------------------------------------------+-----------------+
| clk_100MHz                     | clk_100MHz                                                |            10.0 |
| clk_out1_cam2hdmi_bd_clk_wiz_0 | cam2hdmi_bd_i/clk_wiz/inst/clk_out1_cam2hdmi_bd_clk_wiz_0 |            10.0 |
| clk_out2_cam2hdmi_bd_clk_wiz_0 | cam2hdmi_bd_i/clk_wiz/inst/clk_out2_cam2hdmi_bd_clk_wiz_0 |            40.0 |
| clk_out3_cam2hdmi_bd_clk_wiz_0 | cam2hdmi_bd_i/clk_wiz/inst/clk_out3_cam2hdmi_bd_clk_wiz_0 |            10.0 |
| clkfbout_cam2hdmi_bd_clk_wiz_0 | cam2hdmi_bd_i/clk_wiz/inst/clkfbout_cam2hdmi_bd_clk_wiz_0 |            10.0 |
+--------------------------------+-----------------------------------------------------------+-----------------+


3. Detailed Reports
-------------------

3.1 By Hierarchy
----------------

+--------------------------+-----------+
| Name                     | Power (W) |
+--------------------------+-----------+
| cam2hdmi_bd_wrapper      |     1.656 |
|   cam2hdmi_bd_i          |     1.641 |
|     adv7511_0            |     0.003 |
|       U0                 |     0.003 |
|     clk_wiz              |     0.107 |
|       inst               |     0.107 |
|     processing_system7_0 |     1.523 |
|       inst               |     1.523 |
|     ps7_0_axi_periph     |     0.006 |
|       s00_couplers       |     0.005 |
|       xbar               |     0.001 |
+--------------------------+-----------+


