Copyright 1986-2019 Xilinx, Inc. All Rights Reserved.
------------------------------------------------------------------------------------------------
| Tool Version : Vivado v.2019.1 (win64) Build 2552052 Fri May 24 14:49:42 MDT 2019
| Date         : Tue Nov 24 14:12:36 2020
| Host         : DESKTOP-38O5VOH running 64-bit major release  (build 9200)
| Command      : report_control_sets -verbose -file cam2hdmi_bd_wrapper_control_sets_placed.rpt
| Design       : cam2hdmi_bd_wrapper
| Device       : xc7z020
------------------------------------------------------------------------------------------------

Control Set Information

Table of Contents
-----------------
1. Summary
2. Histogram
3. Flip-Flop Distribution
4. Detailed Control Set Information

1. Summary
----------

+----------------------------------------------------------+-------+
|                          Status                          | Count |
+----------------------------------------------------------+-------+
| Total control sets                                       |    56 |
|    Minimum number of control sets                        |    56 |
|    Addition due to synthesis replication                 |     0 |
|    Addition due to physical synthesis replication        |     0 |
| Unused register locations in slices containing registers |   158 |
+----------------------------------------------------------+-------+
* Control sets can be merged at opt_design using control_set_merge or merge_equivalent_drivers
** Run report_qor_suggestions for automated merging and remapping suggestions


2. Histogram
------------

+--------------------+-------+
|       Fanout       | Count |
+--------------------+-------+
| Total control sets |    56 |
| >= 0 to < 4        |     2 |
| >= 4 to < 6        |    12 |
| >= 6 to < 8        |     5 |
| >= 8 to < 10       |     4 |
| >= 10 to < 12      |     6 |
| >= 12 to < 14      |     6 |
| >= 14 to < 16      |     2 |
| >= 16              |    19 |
+--------------------+-------+
* Control sets can be remapped at either synth_design or opt_design


3. Flip-Flop Distribution
-------------------------

+--------------+-----------------------+------------------------+-----------------+--------------+
| Clock Enable | Synchronous Set/Reset | Asynchronous Set/Reset | Total Registers | Total Slices |
+--------------+-----------------------+------------------------+-----------------+--------------+
| No           | No                    | No                     |             256 |           89 |
| No           | No                    | Yes                    |               0 |            0 |
| No           | Yes                   | No                     |             101 |           47 |
| Yes          | No                    | No                     |             439 |           92 |
| Yes          | No                    | Yes                    |               0 |            0 |
| Yes          | Yes                   | No                     |             190 |           61 |
+--------------+-----------------------+------------------------+-----------------+--------------+


4. Detailed Control Set Information
-----------------------------------

+------------------------------------------------------------+-------------------------------------------------------------------------------------------------------------------------------------------------------------------+----------------------------------------------------------------------------------------------------------------------------------------------------------+------------------+----------------+
|                        Clock Signal                        |                                                                           Enable Signal                                                                           |                                                                     Set/Reset Signal                                                                     | Slice Load Count | Bel Load Count |
+------------------------------------------------------------+-------------------------------------------------------------------------------------------------------------------------------------------------------------------+----------------------------------------------------------------------------------------------------------------------------------------------------------+------------------+----------------+
|  cam2hdmi_bd_i/clk_wiz/inst/clk_out1                       | cam2hdmi_bd_i/ps7_0_axi_periph/s00_couplers/auto_pc/inst/gen_axilite.gen_b2s_conv.axilite_b2s/WR.b_channel_0/bid_fifo_0/bresp_push                                |                                                                                                                                                          |                1 |              2 |
|  cam2hdmi_bd_i/clk_wiz/inst/clk_out1                       | cam2hdmi_bd_i/axiImage_0/U0/strobe_reg_0                                                                                                                          | cam2hdmi_bd_i/roi_0/U0/RSTP                                                                                                                              |                1 |              2 |
|  cam2hdmi_bd_i/clk_wiz/inst/clk_out1                       |                                                                                                                                                                   | cam2hdmi_bd_i/axi_gpio_0/U0/AXI_LITE_IPIF_I/I_SLAVE_ATTACHMENT/clear                                                                                     |                2 |              4 |
|  cam2hdmi_bd_i/clk_wiz/inst/clk_out1                       |                                                                                                                                                                   | cam2hdmi_bd_i/rst_clk_wiz_100M/U0/EXT_LPF/lpf_int                                                                                                        |                3 |              4 |
|  cam2hdmi_bd_i/clk_wiz/inst/clk_out1                       |                                                                                                                                                                   | cam2hdmi_bd_i/ps7_0_axi_periph/s00_couplers/auto_pc/inst/gen_axilite.gen_b2s_conv.axilite_b2s/SI_REG/aw.aw_pipe/aresetn_d_reg[0]_0                       |                4 |              4 |
|  cam2hdmi_bd_i/clk_wiz/inst/clk_out1                       |                                                                                                                                                                   | cam2hdmi_bd_i/ps7_0_axi_periph/s00_couplers/auto_pc/inst/gen_axilite.gen_b2s_conv.axilite_b2s/SI_REG/ar.ar_pipe/aresetn_d_reg[1]_inv_0                   |                3 |              4 |
|  cam2hdmi_bd_i/clk_wiz/inst/clk_out1                       | cam2hdmi_bd_i/axi_gpio_0/U0/AXI_LITE_IPIF_I/I_SLAVE_ATTACHMENT/bus2ip_addr_i[8]_i_1_n_0                                                                           | cam2hdmi_bd_i/axi_gpio_0/U0/AXI_LITE_IPIF_I/I_SLAVE_ATTACHMENT/SR[0]                                                                                     |                1 |              4 |
|  cam2hdmi_bd_i/clk_wiz/inst/clk_out1                       | cam2hdmi_bd_i/axi_gpio_0/U0/AXI_LITE_IPIF_I/I_SLAVE_ATTACHMENT/start2                                                                                             | cam2hdmi_bd_i/axi_gpio_0/U0/AXI_LITE_IPIF_I/I_SLAVE_ATTACHMENT/I_DECODER/cs_ce_clr                                                                       |                1 |              4 |
|  cam2hdmi_bd_i/clk_wiz/inst/clk_out1                       |                                                                                                                                                                   | cam2hdmi_bd_i/axi_gpio_0/U0/AXI_LITE_IPIF_I/I_SLAVE_ATTACHMENT/I_DECODER/bus2ip_rnw_i_reg_0                                                              |                2 |              5 |
|  cam2hdmi_bd_i/clk_wiz/inst/clk_out1                       | cam2hdmi_bd_i/ps7_0_axi_periph/s00_couplers/auto_pc/inst/gen_axilite.gen_b2s_conv.axilite_b2s/RD.ar_channel_0/ar_cmd_fsm_0/m_axi_arready_0                        | cam2hdmi_bd_i/ps7_0_axi_periph/s00_couplers/auto_pc/inst/gen_axilite.gen_b2s_conv.axilite_b2s/RD.ar_channel_0/ar_cmd_fsm_0/FSM_sequential_state_reg[1]_0 |                2 |              5 |
|  cam2hdmi_bd_i/clk_wiz/inst/clk_out1                       | cam2hdmi_bd_i/axi_gpio_0/U0/AXI_LITE_IPIF_I/I_SLAVE_ATTACHMENT/I_DECODER/bus2ip_rnw_i_reg[0]                                                                      | cam2hdmi_bd_i/axi_gpio_0/U0/AXI_LITE_IPIF_I/I_SLAVE_ATTACHMENT/SR[0]                                                                                     |                1 |              5 |
|  cam2hdmi_bd_i/clk_wiz/inst/clk_out1                       | cam2hdmi_bd_i/ps7_0_axi_periph/s00_couplers/auto_pc/inst/gen_axilite.gen_b2s_conv.axilite_b2s/WR.aw_channel_0/aw_cmd_fsm_0/m_valid_i_reg_0                        | cam2hdmi_bd_i/ps7_0_axi_periph/s00_couplers/auto_pc/inst/gen_axilite.gen_b2s_conv.axilite_b2s/WR.aw_channel_0/aw_cmd_fsm_0/m_valid_i_reg                 |                3 |              5 |
|  cam2hdmi_bd_i/clk_wiz/inst/clk_out1                       | cam2hdmi_bd_i/ps7_0_axi_periph/s00_couplers/auto_pc/inst/gen_axilite.gen_b2s_conv.axilite_b2s/RD.r_channel_0/transaction_fifo_0/E[0]                              | cam2hdmi_bd_i/ps7_0_axi_periph/s00_couplers/auto_pc/inst/gen_axilite.gen_b2s_conv.axilite_b2s/areset_d1                                                  |                2 |              5 |
|  cam2hdmi_bd_i/clk_wiz/inst/clk_out1                       | cam2hdmi_bd_i/ps7_0_axi_periph/s00_couplers/auto_pc/inst/gen_axilite.gen_b2s_conv.axilite_b2s/RD.r_channel_0/transaction_fifo_0/cnt_read[4]_i_1__0_n_0            | cam2hdmi_bd_i/ps7_0_axi_periph/s00_couplers/auto_pc/inst/gen_axilite.gen_b2s_conv.axilite_b2s/areset_d1                                                  |                2 |              5 |
|  cam2hdmi_bd_i/clk_wiz/inst/clk_out1                       | cam2hdmi_bd_i/adv7511_0/U0/inst_adv7511Controller/FSM_onehot_fsmState_pres[5]_i_1_n_0                                                                             | cam2hdmi_bd_i/rst_clk_wiz_100M/U0/peripheral_reset[0]                                                                                                    |                1 |              6 |
|  cam2hdmi_bd_i/clk_wiz/inst/clk_out3                       |                                                                                                                                                                   | cam2hdmi_bd_i/adv7511_0/U0/inst_writeToADV7511/clkCounterReg_i_1_n_0                                                                                     |                3 |              6 |
|  cam2hdmi_bd_i/clk_wiz/inst/clk_out1                       | cam2hdmi_bd_i/axi_gpio_0/U0/AXI_LITE_IPIF_I/I_SLAVE_ATTACHMENT/s_axi_rresp_i                                                                                      | cam2hdmi_bd_i/axi_gpio_0/U0/AXI_LITE_IPIF_I/I_SLAVE_ATTACHMENT/SR[0]                                                                                     |                1 |              6 |
|  cam2hdmi_bd_i/clk_wiz/inst/clk_out1                       | cam2hdmi_bd_i/rst_clk_wiz_100M/U0/SEQ/seq_cnt_en                                                                                                                  | cam2hdmi_bd_i/rst_clk_wiz_100M/U0/SEQ/SEQ_COUNTER/clear                                                                                                  |                1 |              6 |
|  cam2hdmi_bd_i/clk_wiz/inst/clk_out1                       | cam2hdmi_bd_i/adv7511_0/U0/inst_i2c/FSM_onehot_fsmState_pres[6]_i_2_n_0                                                                                           | cam2hdmi_bd_i/rst_clk_wiz_100M/U0/peripheral_reset[0]                                                                                                    |                2 |              7 |
|  cam2hdmi_bd_i/clk_wiz/inst/clk_out1                       | cam2hdmi_bd_i/axiImage_0/U0/cntH[7]_i_2_n_0                                                                                                                       | cam2hdmi_bd_i/axiImage_0/U0/p_0_in                                                                                                                       |                2 |              8 |
|  cam2hdmi_bd_i/clk_wiz/inst/clk_out1                       | cam2hdmi_bd_i/ps7_0_axi_periph/s00_couplers/auto_pc/inst/gen_axilite.gen_b2s_conv.axilite_b2s/WR.b_channel_0/mhandshake_r                                         | cam2hdmi_bd_i/ps7_0_axi_periph/s00_couplers/auto_pc/inst/gen_axilite.gen_b2s_conv.axilite_b2s/WR.b_channel_0/bid_fifo_0/SR[0]                            |                3 |              8 |
|  cam2hdmi_bd_i/clk_wiz/inst/clk_out1                       | cam2hdmi_bd_i/adv7511_0/U0/inst_i2c/dataShiftReg_next                                                                                                             | cam2hdmi_bd_i/rst_clk_wiz_100M/U0/peripheral_reset[0]                                                                                                    |                4 |              8 |
|  cam2hdmi_bd_i/clk_wiz/inst/clk_out1                       | cam2hdmi_bd_i/axiImage_0/U0/cntV[7]_i_1_n_0                                                                                                                       | cam2hdmi_bd_i/axiImage_0/U0/p_0_in                                                                                                                       |                3 |              8 |
|  cam2hdmi_bd_i/clk_wiz/inst/clk_out1                       |                                                                                                                                                                   | cam2hdmi_bd_i/adv7511_0/U0/inst_i2c/clkCounterReg[9]_i_1_n_0                                                                                             |                5 |             10 |
|  cam2hdmi_bd_i/clk_wiz/inst/clk_out1                       |                                                                                                                                                                   | cam2hdmi_bd_i/rst_clk_wiz_100M/U0/peripheral_reset[0]                                                                                                    |                6 |             10 |
|  cam2hdmi_bd_i/clk_wiz/inst/clk_out3                       | cam2hdmi_bd_i/adv7511_0/U0/inst_writeToADV7511/vCounterReg[9]_i_1_n_0                                                                                             | cam2hdmi_bd_i/adv7511_0/U0/inst_writeToADV7511/clkCounterReg_i_1_n_0                                                                                     |                4 |             10 |
|  cam2hdmi_bd_i/clk_wiz/inst/clk_out1                       |                                                                                                                                                                   | cam2hdmi_bd_i/ps7_0_axi_periph/s00_couplers/auto_pc/inst/gen_axilite.gen_b2s_conv.axilite_b2s/areset_d1                                                  |                4 |             10 |
|  cam2hdmi_bd_i/clk_wiz/inst/clk_out3                       | cam2hdmi_bd_i/adv7511_0/U0/inst_writeToADV7511/y_sel_sync                                                                                                         | cam2hdmi_bd_i/adv7511_0/U0/inst_writeToADV7511/clkCounterReg_i_1_n_0                                                                                     |                4 |             11 |
|  cam2hdmi_bd_i/clk_wiz/inst/clk_out1                       |                                                                                                                                                                   | cam2hdmi_bd_i/ps7_0_axi_periph/xbar/inst/gen_sasd.crossbar_sasd_0/addr_arbiter_inst/SR[0]                                                                |                4 |             11 |
|  cam2hdmi_bd_i/clk_wiz/inst/clk_out1                       | cam2hdmi_bd_i/ps7_0_axi_periph/s00_couplers/auto_pc/inst/gen_axilite.gen_b2s_conv.axilite_b2s/RD.ar_channel_0/ar_cmd_fsm_0/E[0]                                   |                                                                                                                                                          |                4 |             12 |
|  cam2hdmi_bd_i/clk_wiz/inst/clk_out1                       | cam2hdmi_bd_i/ps7_0_axi_periph/s00_couplers/auto_pc/inst/gen_axilite.gen_b2s_conv.axilite_b2s/WR.aw_channel_0/aw_cmd_fsm_0/E[0]                                   |                                                                                                                                                          |                3 |             12 |
|  cam2hdmi_bd_i/clk_wiz/inst/clk_out1                       | cam2hdmi_bd_i/ps7_0_axi_periph/s00_couplers/auto_pc/inst/gen_axilite.gen_b2s_conv.axilite_b2s/RD.ar_channel_0/ar_cmd_fsm_0/sel_first_reg[0]                       |                                                                                                                                                          |                2 |             12 |
|  cam2hdmi_bd_i/clk_wiz/inst/clk_out1                       | cam2hdmi_bd_i/ps7_0_axi_periph/s00_couplers/auto_pc/inst/gen_axilite.gen_b2s_conv.axilite_b2s/WR.aw_channel_0/cmd_translator_0/incr_cmd_0/axaddr_incr[11]_i_1_n_0 |                                                                                                                                                          |                2 |             12 |
|  cam2hdmi_bd_i/clk_wiz/inst/clk_out1                       |                                                                                                                                                                   | cam2hdmi_bd_i/axiImage_0/U0/p_0_in                                                                                                                       |                4 |             12 |
|  cam2hdmi_bd_i/clk_wiz/inst/clk_out1                       | cam2hdmi_bd_i/ps7_0_axi_periph/s00_couplers/auto_pc/inst/gen_axilite.gen_b2s_conv.axilite_b2s/RD.r_channel_0/r_push_r                                             |                                                                                                                                                          |                4 |             13 |
|  cam2hdmi_bd_i/clk_wiz/inst/clk_out1                       | cam2hdmi_bd_i/ps7_0_axi_periph/s00_couplers/auto_pc/inst/gen_axilite.gen_b2s_conv.axilite_b2s/SI_REG/b.b_pipe/p_1_in                                              |                                                                                                                                                          |                2 |             14 |
|  cam2hdmi_bd_i/clk_wiz/inst/clk_out1                       | cam2hdmi_bd_i/ps7_0_axi_periph/s00_couplers/auto_pc/inst/gen_axilite.gen_b2s_conv.axilite_b2s/SI_REG/b.b_pipe/s_ready_i_reg_0                                     |                                                                                                                                                          |                3 |             14 |
|  cam2hdmi_bd_i/clk_wiz/inst/clk_out1                       | cam2hdmi_bd_i/axiImage_0/U0/color                                                                                                                                 | cam2hdmi_bd_i/axiImage_0/U0/p_0_in                                                                                                                       |                4 |             16 |
|  cam2hdmi_bd_i/clk_wiz/inst/clk_out1                       | cam2hdmi_bd_i/axiImage_0/U0/slv_reg_rden                                                                                                                          | cam2hdmi_bd_i/axiImage_0/U0/p_0_in                                                                                                                       |                6 |             16 |
|  cam2hdmi_bd_i/clk_wiz/inst/clk_out1                       | cam2hdmi_bd_i/ps7_0_axi_periph/s00_couplers/auto_pc/inst/gen_axilite.gen_b2s_conv.axilite_b2s/WR.aw_channel_0/aw_cmd_fsm_0/b_push                                 |                                                                                                                                                          |                3 |             16 |
|  cam2hdmi_bd_i/clk_wiz/inst/clk_out1                       | cam2hdmi_bd_i/ps7_0_axi_periph/xbar/inst/gen_sasd.crossbar_sasd_0/addr_arbiter_inst/p_0_in1_in                                                                    | cam2hdmi_bd_i/ps7_0_axi_periph/xbar/inst/gen_sasd.crossbar_sasd_0/addr_arbiter_inst/SR[0]                                                                |                7 |             20 |
|  cam2hdmi_bd_i/clk_wiz/inst/clk_out1                       |                                                                                                                                                                   | cam2hdmi_bd_i/axi_gpio_0/U0/AXI_LITE_IPIF_I/I_SLAVE_ATTACHMENT/SR[0]                                                                                     |                7 |             21 |
|  cam2hdmi_bd_i/clk_wiz/inst/clk_out1                       | cam2hdmi_bd_i/ps7_0_axi_periph/s00_couplers/auto_pc/inst/gen_axilite.gen_b2s_conv.axilite_b2s/WR.aw_channel_0/aw_cmd_fsm_0/m_valid_i_reg_0                        |                                                                                                                                                          |                8 |             21 |
|  cam2hdmi_bd_i/clk_wiz/inst/clk_out1                       | cam2hdmi_bd_i/ps7_0_axi_periph/s00_couplers/auto_pc/inst/gen_axilite.gen_b2s_conv.axilite_b2s/RD.ar_channel_0/ar_cmd_fsm_0/m_axi_arready_0                        |                                                                                                                                                          |                7 |             21 |
|  cam2hdmi_bd_i/clk_wiz/inst/clk_out3                       |                                                                                                                                                                   |                                                                                                                                                          |                8 |             24 |
|  cam2hdmi_bd_i/clk_wiz/inst/clk_out1                       | cam2hdmi_bd_i/adv7511_0/U0/inst_adv7511Controller/counterReg_next                                                                                                 | cam2hdmi_bd_i/rst_clk_wiz_100M/U0/peripheral_reset[0]                                                                                                    |                6 |             25 |
|  cam2hdmi_bd_i/clk_wiz/inst/clk_out1                       | cam2hdmi_bd_i/ps7_0_axi_periph/s00_couplers/auto_pc/inst/gen_axilite.gen_b2s_conv.axilite_b2s/RD.r_channel_0/rd_data_fifo_0/wr_en0                                |                                                                                                                                                          |                9 |             34 |
|  cam2hdmi_bd_i/clk_wiz/inst/clk_out1                       | cam2hdmi_bd_i/ps7_0_axi_periph/xbar/inst/gen_sasd.crossbar_sasd_0/addr_arbiter_inst/E[0]                                                                          |                                                                                                                                                          |               10 |             35 |
|  cam2hdmi_bd_i/clk_wiz/inst/clk_out1                       | cam2hdmi_bd_i/ps7_0_axi_periph/s00_couplers/auto_pc/inst/gen_axilite.gen_b2s_conv.axilite_b2s/SI_REG/r.r_pipe/p_1_in                                              |                                                                                                                                                          |                7 |             47 |
|  cam2hdmi_bd_i/clk_wiz/inst/clk_out1                       | cam2hdmi_bd_i/ps7_0_axi_periph/s00_couplers/auto_pc/inst/gen_axilite.gen_b2s_conv.axilite_b2s/SI_REG/r.r_pipe/s_ready_i_reg_0                                     |                                                                                                                                                          |                9 |             47 |
|  cam2hdmi_bd_i/clk_wiz/inst/clk_out1                       | cam2hdmi_bd_i/ps7_0_axi_periph/s00_couplers/auto_pc/inst/gen_axilite.gen_b2s_conv.axilite_b2s/SI_REG/aw.aw_pipe/s_ready_i_reg_0                                   |                                                                                                                                                          |                8 |             48 |
|  cam2hdmi_bd_i/clk_wiz/inst/clk_out1                       | cam2hdmi_bd_i/ps7_0_axi_periph/s00_couplers/auto_pc/inst/gen_axilite.gen_b2s_conv.axilite_b2s/SI_REG/ar.ar_pipe/s_ready_i_reg_0                                   |                                                                                                                                                          |                9 |             48 |
|  cam2hdmi_bd_i/clk_wiz/inst/clk_out1                       | cam2hdmi_bd_i/ps7_0_axi_periph/s00_couplers/auto_pc/inst/gen_axilite.gen_b2s_conv.axilite_b2s/RD.ar_channel_0/ar_cmd_fsm_0/FSM_sequential_state_reg[1]_1[0]       |                                                                                                                                                          |                9 |             48 |
|  cam2hdmi_bd_i/clk_wiz/inst/clk_out1                       | cam2hdmi_bd_i/ps7_0_axi_periph/s00_couplers/auto_pc/inst/gen_axilite.gen_b2s_conv.axilite_b2s/WR.aw_channel_0/aw_cmd_fsm_0/m_valid_i_reg_1[0]                     |                                                                                                                                                          |                9 |             48 |
|  cam2hdmi_bd_i/adv7511_0/U0/inst_writeToADV7511/y_sel_sync |                                                                                                                                                                   |                                                                                                                                                          |               18 |             49 |
|  cam2hdmi_bd_i/clk_wiz/inst/clk_out1                       |                                                                                                                                                                   |                                                                                                                                                          |               64 |            191 |
+------------------------------------------------------------+-------------------------------------------------------------------------------------------------------------------------------------------------------------------+----------------------------------------------------------------------------------------------------------------------------------------------------------+------------------+----------------+


